<?xml version="1.0" encoding="UTF-8"?>
<!-- Generated by org.testng.reporters.JUnitXMLReporter -->
<testsuite hostname="LCIS-ARUK01" ignored="0" name="Test" tests="4" failures="0" timestamp="2021-08-14T07:03:26 IST" time="0.082" errors="0">
  <testcase name="BrowserAUtomation" time="0.01" classname="qaclickacademy.SeleniumTest"/>
  <testcase name="elementsUi" time="0.001" classname="qaclickacademy.SeleniumTest"/>
  <testcase name="deleteTwitter" time="0.003" classname="qaclickacademy.RESTAPITest"/>
  <testcase name="postJira" time="0.002" classname="qaclickacademy.RESTAPITest"/>
</testsuite> <!-- Test -->
