<?xml version="1.0" encoding="UTF-8"?>
<testng-results skipped="0" failed="0" ignored="0" total="4" passed="4">
  <reporter-output>
  </reporter-output>
  <suite name="Suite" duration-ms="82" started-at="2021-08-14T07:03:26 IST" finished-at="2021-08-14T07:03:26 IST">
    <groups>
    </groups>
    <test name="Test" duration-ms="82" started-at="2021-08-14T07:03:26 IST" finished-at="2021-08-14T07:03:26 IST">
      <class name="qaclickacademy.RESTAPITest">
        <test-method status="PASS" signature="deleteTwitter()[pri:0, instance:qaclickacademy.RESTAPITest@9a7504c]" name="deleteTwitter" duration-ms="3" started-at="2021-08-14T07:03:26 IST" finished-at="2021-08-14T07:03:26 IST">
          <reporter-output>
          </reporter-output>
        </test-method> <!-- deleteTwitter -->
        <test-method status="PASS" signature="postJira()[pri:0, instance:qaclickacademy.RESTAPITest@9a7504c]" name="postJira" duration-ms="2" started-at="2021-08-14T07:03:26 IST" finished-at="2021-08-14T07:03:26 IST">
          <reporter-output>
          </reporter-output>
        </test-method> <!-- postJira -->
      </class> <!-- qaclickacademy.RESTAPITest -->
      <class name="qaclickacademy.SeleniumTest">
        <test-method status="PASS" signature="BrowserAUtomation()[pri:0, instance:qaclickacademy.SeleniumTest@631330c]" name="BrowserAUtomation" duration-ms="10" started-at="2021-08-14T07:03:26 IST" finished-at="2021-08-14T07:03:26 IST">
          <reporter-output>
          </reporter-output>
        </test-method> <!-- BrowserAUtomation -->
        <test-method status="PASS" signature="elementsUi()[pri:0, instance:qaclickacademy.SeleniumTest@631330c]" name="elementsUi" duration-ms="1" started-at="2021-08-14T07:03:26 IST" finished-at="2021-08-14T07:03:26 IST">
          <reporter-output>
          </reporter-output>
        </test-method> <!-- elementsUi -->
      </class> <!-- qaclickacademy.SeleniumTest -->
    </test> <!-- Test -->
  </suite> <!-- Suite -->
</testng-results>
